<?xml version="1.0" encoding="UTF-8"?>
<!-- Generated by org.testng.reporters.JUnitXMLReporter -->
<testsuite hostname="LAPTOP-OT3OSUEI" name="Default test" tests="3" failures="0" timestamp="21 May 2022 18:55:34 GMT" time="0.559" errors="0">
  <testcase name="runScenario" time="0.246" classname="ActiTimeRunner.Runnerforgoggle">
    <skipped/>
  </testcase> <!-- runScenario -->
  <testcase name="runScenario" time="0.005" classname="ActiTimeRunner.Runnerforgoggle">
    <skipped/>
  </testcase> <!-- runScenario -->
  <testcase name="runScenario" time="0.005" classname="ActiTimeRunner.Runnerforgoggle">
    <skipped/>
  </testcase> <!-- runScenario -->
</testsuite> <!-- Default test -->
